<?xml version="1.0" encoding="UTF-8"?>
<!-- Generated by org.testng.reporters.JUnitReportReporter -->
<testsuite name="apiFramework.sumValidation" tests="1" time="3.049" ignored="0" failures="0" timestamp="25 May 2020 18:45:34 GMT" skipped="0" hostname="USMECYASMITTAL1" errors="0">
  <testcase name="sumOfCourses" time="3.049" classname="apiFramework.sumValidation"/>
</testsuite> <!-- apiFramework.sumValidation -->
